00:00.0 "Host bridge" "Intel Corporation" "Xeon E3-1200 v3/4th Gen Core Processor DRAM Controller" -r06 "Lenovo" "ThinkPad T440p"
00:01.0 "PCI bridge" "Intel Corporation" "Xeon E3-1200 v3/4th Gen Core Processor PCI Express x16 Controller" -r06 "" ""
00:01.1 "PCI bridge" "Intel Corporation" "Xeon E3-1200 v3/4th Gen Core Processor PCI Express x8 Controller" -r06 "" ""
00:02.0 "VGA compatible controller" "Intel Corporation" "4th Gen Core Processor Integrated Graphics Controller" -r06 "Lenovo" "4th Gen Core Processor Integrated Graphics Controller"
00:03.0 "Audio device" "Intel Corporation" "Xeon E3-1200 v3/4th Gen Core Processor HD Audio Controller" -r06 "Lenovo" "ThinkPad T440p"
00:14.0 "USB controller" "Intel Corporation" "8 Series/C220 Series Chipset Family USB xHCI" -r04 -p30 "Lenovo" "ThinkPad T440p"
00:16.0 "Communication controller" "Intel Corporation" "8 Series/C220 Series Chipset Family MEI Controller #1" -r04 "Lenovo" "ThinkPad T440p"
00:19.0 "Ethernet controller" "Intel Corporation" "Ethernet Connection I217-LM" -r04 "Lenovo" "ThinkPad T440p"
00:1a.0 "USB controller" "Intel Corporation" "8 Series/C220 Series Chipset Family USB EHCI #2" -r04 -p20 "Lenovo" "ThinkPad T440p"
00:1b.0 "Audio device" "Intel Corporation" "8 Series/C220 Series Chipset High Definition Audio Controller" -r04 "Lenovo" "ThinkPad T440p"
00:1c.0 "PCI bridge" "Intel Corporation" "8 Series/C220 Series Chipset Family PCI Express Root Port #1" -rd4 "" ""
00:1c.1 "PCI bridge" "Intel Corporation" "8 Series/C220 Series Chipset Family PCI Express Root Port #2" -rd4 "" ""
00:1d.0 "USB controller" "Intel Corporation" "8 Series/C220 Series Chipset Family USB EHCI #1" -r04 -p20 "Lenovo" "ThinkPad T440p"
00:1f.0 "ISA bridge" "Intel Corporation" "QM87 Express LPC Controller" -r04 "Lenovo" "ThinkPad T440p"
00:1f.2 "SATA controller" "Intel Corporation" "8 Series/C220 Series Chipset Family 6-port SATA Controller 1 [AHCI mode]" -r04 -p01 "Lenovo" "ThinkPad T440p"
00:1f.3 "SMBus" "Intel Corporation" "8 Series/C220 Series Chipset Family SMBus Controller" -r04 "Lenovo" "ThinkPad T440p"
02:00.0 "VGA compatible controller" "NVIDIA Corporation" "GK208M [GeForce GT 730M]" -ra1 "Lenovo" "GK208M [GeForce GT 730M]"
02:00.1 "Audio device" "NVIDIA Corporation" "GK208 HDMI/DP Audio Controller" -ra1 "Lenovo" "GK208 HDMI/DP Audio Controller"
03:00.0 "Unassigned class [ff00]" "Realtek Semiconductor Co., Ltd." "RTS5227 PCI Express Card Reader" -r01 "Lenovo" "ThinkPad T440p"
04:00.0 "Network controller" "Intel Corporation" "Wireless 7260" -rbb "Intel Corporation" "Dual Band Wireless-AC 7260"
